<?xml version="1.0" encoding="UTF-8"?>
<!-- Generated by org.testng.reporters.JUnitReportReporter -->
<testsuite hostname="DESKTOP-7EJ77M7" failures="0" tests="2" name="testng.TestCekBilangan" time="0.007" errors="0" timestamp="2022-09-06T11:49:03 WIB" skipped="0">
  <testcase classname="testng.TestCekBilangan" name="testGenap" time="0.004"/>
  <system-out/>
  <testcase classname="testng.TestCekBilangan" name="testGanjil" time="0.003"/>
  <system-out/>
</testsuite> <!-- testng.TestCekBilangan -->
