<?xml version="1.0" encoding="UTF-8"?>
<!-- Generated by org.testng.reporters.JUnitReportReporter -->
<testsuite hostname="DESKTOP-7EJ77M7" failures="0" tests="2" name="testng.TestCalculator" time="0.006" errors="0" timestamp="2022-09-06T11:52:34 WIB" skipped="0">
  <testcase classname="testng.TestCalculator" name="testaddNilai" time="0.003"/>
  <system-out/>
  <testcase classname="testng.TestCalculator" name="testDevideNilai" time="0.003"/>
  <system-out/>
</testsuite> <!-- testng.TestCalculator -->
