<?xml version="1.0" encoding="UTF-8"?>
<!-- Generated by org.testng.reporters.JUnitReportReporter -->
<testsuite hostname="DESKTOP-7EJ77M7" failures="0" tests="3" name="TestUjianMingguKedua.TestGeometri" time="0.017" errors="0" timestamp="2022-09-05T21:35:50 WIB" skipped="0">
  <testcase classname="TestUjianMingguKedua.TestGeometri" name="testSegitiga" time="0.002"/>
  <system-out/>
  <testcase classname="TestUjianMingguKedua.TestGeometri" name="testPersegi" time="0.013"/>
  <system-out/>
  <testcase classname="TestUjianMingguKedua.TestGeometri" name="testTrapesium" time="0.002"/>
  <system-out/>
</testsuite> <!-- TestUjianMingguKedua.TestGeometri -->
