<?xml version="1.0" encoding="UTF-8"?>
<!-- Generated by org.testng.reporters.JUnitReportReporter -->
<testsuite hostname="DESKTOP-7EJ77M7" failures="0" tests="5" name="TestUjianMingguKedua.TestProduk" time="0.014" errors="0" timestamp="2022-09-06T11:21:49 WIB" skipped="0">
  <testcase classname="TestUjianMingguKedua.TestProduk" name="tambahProduk" time="0.004"/>
  <system-out/>
  <testcase classname="TestUjianMingguKedua.TestProduk" name="tambahProdukDua" time="0.002"/>
  <system-out/>
  <testcase classname="TestUjianMingguKedua.TestProduk" name="cekStok" time="0.002"/>
  <system-out/>
  <testcase classname="TestUjianMingguKedua.TestProduk" name="tambahProdukTiga" time="0.003"/>
  <system-out/>
  <testcase classname="TestUjianMingguKedua.TestProduk" name="hitungStok" time="0.003"/>
  <system-out/>
</testsuite> <!-- TestUjianMingguKedua.TestProduk -->
