<?xml version="1.0" encoding="UTF-8"?>
<!-- Generated by org.testng.reporters.JUnitReportReporter -->
<testsuite hostname="DESKTOP-7EJ77M7" failures="0" tests="3" name="TestUjianMingguKedua.TestGeometri" time="0.009" errors="0" timestamp="2022-09-06T11:52:34 WIB" skipped="0">
  <testcase classname="TestUjianMingguKedua.TestGeometri" name="testSegitiga" time="0.001"/>
  <system-out/>
  <testcase classname="TestUjianMingguKedua.TestGeometri" name="testTrapesium" time="0.003"/>
  <system-out/>
  <testcase classname="TestUjianMingguKedua.TestGeometri" name="testPersegi" time="0.005"/>
  <system-out/>
</testsuite> <!-- TestUjianMingguKedua.TestGeometri -->
