<?xml version="1.0" encoding="UTF-8"?>
<!-- Generated by org.testng.reporters.JUnitReportReporter -->
<testsuite hostname="DESKTOP-7EJ77M7" failures="0" tests="4" name="TestUjianMingguKedua.TestAritmatika" time="0.022" errors="0" timestamp="2022-09-06T11:52:34 WIB" skipped="0">
  <testcase classname="TestUjianMingguKedua.TestAritmatika" name="testPembagianAritmatika" time="0.003"/>
  <system-out/>
  <testcase classname="TestUjianMingguKedua.TestAritmatika" name="testPenguranganAritmatika" time="0.004"/>
  <system-out/>
  <testcase classname="TestUjianMingguKedua.TestAritmatika" name="testPenjumlahanAritmatika" time="0.003"/>
  <system-out/>
  <testcase classname="TestUjianMingguKedua.TestAritmatika" name="testModulusAritmatika" time="0.012"/>
  <system-out/>
</testsuite> <!-- TestUjianMingguKedua.TestAritmatika -->
